Build started 2014-12-15 18:45:43.
     1>Project "C:\Users\Administrator\Documents\Visual Studio 2013\Projects\joTowerDefense\joTowerDefense\joTowerDefense.vcxproj" on node 2 (Build target(s)).
     1>ClCompile:
         E:\Program Files\Visual\VC\bin\CL.exe /c /I"C:\Users\Administrator\Documents\SDL\SDL2_ttf-2.0.12\include" /I"C:\Users\Administrator\Documents\SDL\SDL2_image-2.0.0\include" /ZI /nologo /W3 /WX- /sdl /Od /Oy- /D _MBCS /Gm /EHsc /RTC1 /MDd /GS /fp:precise /Zc:wchar_t /Zc:forScope /Fo"Debug\\" /Fd"Debug\vc120.pdb" /Gd /TP /analyze- /errorReport:prompt SOURCE.cpp
         SOURCE.cpp
         DEBUG UNICORNIO: added libs: sdl2.lib sdl2main.lib sdl2_image.lib sdl2_ttf.lib sdl2_mixer.lib
     1>c:\users\administrator\documents\visual studio 2013\projects\jotowerdefense\jotowerdefense\source.cpp(32): warning C4552: '&' : operator has no effect; expected operator with side-effect
       Link:
         E:\Program Files\Visual\VC\bin\link.exe /ERRORREPORT:PROMPT /OUT:"C:\Users\Administrator\Documents\Visual Studio 2013\Projects\joTowerDefense\Debug\joTowerDefense.exe" /INCREMENTAL /NOLOGO /LIBPATH:"C:\Users\Administrator\Documents\SDL\SDL2_image-2.0.0\lib\x86" /LIBPATH:"C:\Users\Administrator\Documents\SDL\SDL2_ttf-2.0.12\lib\x86" SDL2.lib SDL2main.lib SDL2_image.lib SDL2_ttf.lib kernel32.lib user32.lib gdi32.lib winspool.lib comdlg32.lib advapi32.lib shell32.lib ole32.lib oleaut32.lib uuid.lib odbc32.lib odbccp32.lib /MANIFEST /MANIFESTUAC:"level='asInvoker' uiAccess='false'" /manifest:embed /DEBUG /PDB:"C:\Users\Administrator\Documents\Visual Studio 2013\Projects\joTowerDefense\Debug\joTowerDefense.pdb" /SUBSYSTEM:CONSOLE /TLBID:1 /DYNAMICBASE /NXCOMPAT /IMPLIB:"C:\Users\Administrator\Documents\Visual Studio 2013\Projects\joTowerDefense\Debug\joTowerDefense.lib" /MACHINE:X86 Debug\Archer.obj
         Debug\Cannon.obj
         Debug\Functions.obj
         Debug\Level.obj
         Debug\Mage.obj
         Debug\SdlInit.obj
         Debug\SOURCE.obj
         Debug\Mob.obj
         Debug\Ogre.obj
         Debug\Player.obj
         Debug\Tower.obj
         Debug\Troll.obj
         Debug\Wolf.obj
     1>MSVCRTD.lib(cinitexe.obj) : warning LNK4098: defaultlib 'msvcrt.lib' conflicts with use of other libs; use /NODEFAULTLIB:library
         joTowerDefense.vcxproj -> C:\Users\Administrator\Documents\Visual Studio 2013\Projects\joTowerDefense\Debug\joTowerDefense.exe
     1>Done Building Project "C:\Users\Administrator\Documents\Visual Studio 2013\Projects\joTowerDefense\joTowerDefense\joTowerDefense.vcxproj" (Build target(s)).

Build succeeded.

Time Elapsed 00:00:01.43
