Build started 2014-12-15 18:33:38.
     1>Project "C:\Users\Administrator\Documents\Visual Studio 2013\Projects\joTowerDefense\joTowerDefense\joTowerDefense.vcxproj" on node 2 (Build target(s)).
     1>ClCompile:
         E:\Program Files\Visual\VC\bin\CL.exe /c /Zi /nologo /W3 /WX- /sdl /O2 /Oi /Oy- /GL /D _MBCS /Gm- /EHsc /MD /GS /Gy /fp:precise /Zc:wchar_t /Zc:forScope /Fo"Release\\" /Fd"Release\vc120.pdb" /Gd /TP /analyze- /errorReport:prompt SOURCE.cpp
         SOURCE.cpp
         DEBUG UNICORNIO: added libs: sdl2.lib sdl2main.lib sdl2_image.lib sdl2_ttf.lib sdl2_mixer.lib
     1>SOURCE.cpp(32): warning C4552: '&' : operator has no effect; expected operator with side-effect
       Link:
         E:\Program Files\Visual\VC\bin\link.exe /ERRORREPORT:PROMPT /OUT:"C:\Users\Administrator\Documents\Visual Studio 2013\Projects\joTowerDefense\Release\joTowerDefense.exe" /NOLOGO kernel32.lib user32.lib gdi32.lib winspool.lib comdlg32.lib advapi32.lib shell32.lib ole32.lib oleaut32.lib uuid.lib odbc32.lib odbccp32.lib /MANIFEST /MANIFESTUAC:"level='asInvoker' uiAccess='false'" /manifest:embed /DEBUG /PDB:"C:\Users\Administrator\Documents\Visual Studio 2013\Projects\joTowerDefense\Release\joTowerDefense.pdb" /SUBSYSTEM:CONSOLE /OPT:REF /OPT:ICF /LTCG /TLBID:1 /DYNAMICBASE /NXCOMPAT /IMPLIB:"C:\Users\Administrator\Documents\Visual Studio 2013\Projects\joTowerDefense\Release\joTowerDefense.lib" /MACHINE:X86 /SAFESEH Release\Archer.obj
         Release\Cannon.obj
         Release\Functions.obj
         Release\Level.obj
         Release\Mage.obj
         Release\SdlInit.obj
         Release\SOURCE.obj
         Release\Mob.obj
         Release\Ogre.obj
         Release\Player.obj
         Release\Tower.obj
         Release\Troll.obj
         Release\Wolf.obj
         Generating code
         Finished generating code
         joTowerDefense.vcxproj -> C:\Users\Administrator\Documents\Visual Studio 2013\Projects\joTowerDefense\Release\joTowerDefense.exe
     1>Done Building Project "C:\Users\Administrator\Documents\Visual Studio 2013\Projects\joTowerDefense\joTowerDefense\joTowerDefense.vcxproj" (Build target(s)).

Build succeeded.

Time Elapsed 00:00:03.76
